This file contains any messages produced by compilers while
running configure, to aid debugging if configure makes a mistake.

It was created by ltp-service configure 1.0, which was
generated by GNU Autoconf 2.60.  Invocation command line was

  $ ./configure --prefix=/users/zhhan/local

## --------- ##
## Platform. ##
## --------- ##

hostname = node10
uname -m = x86_64
uname -r = 2.6.18-164.el5xen
uname -s = Linux
uname -v = #1 SMP Thu Sep 3 04:03:03 EDT 2009

/usr/bin/uname -p = unknown
/bin/uname -X     = unknown

/bin/arch              = x86_64
/usr/bin/arch -k       = unknown
/usr/convex/getsysinfo = unknown
/usr/bin/hostinfo      = unknown
/bin/machine           = unknown
/usr/bin/oslevel       = unknown
/bin/universe          = unknown

PATH: /users/zhhan/local/bin
PATH: /users/zhhan/bin
PATH: /opt/jdk1.6.0_18/bin
PATH: /opt/jdk1.6.0_18/jre/bin
PATH: /users/hadoop/HadoopInstall/hadoop-0.20.2/bin
PATH: /usr/lib64/qt-3.3/bin
PATH: /usr/kerberos/bin
PATH: /usr/local/bin
PATH: /bin
PATH: /usr/bin


## ----------- ##
## Core tests. ##
## ----------- ##

configure:1963: checking for a BSD-compatible install
configure:2019: result: /usr/bin/install -c
configure:2030: checking whether build environment is sane
configure:2073: result: yes
configure:2138: checking for gawk
configure:2154: found /bin/gawk
configure:2165: result: gawk
configure:2176: checking whether make sets $(MAKE)
configure:2197: result: yes
configure:2459: checking build system type
configure:2477: result: x86_64-redhat-linux-gnu
configure:2499: checking host system type
configure:2514: result: x86_64-redhat-linux-gnu
configure:2548: checking for style of include used by make
configure:2576: result: GNU
configure:2649: checking for gcc
configure:2665: found /usr/bin/gcc
configure:2676: result: gcc
configure:2914: checking for C compiler version
configure:2921: gcc --version >&5
gcc (GCC) 4.1.2 20080704 (Red Hat 4.1.2-46)
Copyright (C) 2006 Free Software Foundation, Inc.
This is free software; see the source for copying conditions.  There is NO
warranty; not even for MERCHANTABILITY or FITNESS FOR A PARTICULAR PURPOSE.

configure:2924: $? = 0
configure:2931: gcc -v >&5
Using built-in specs.
Target: x86_64-redhat-linux
Configured with: ../configure --prefix=/usr --mandir=/usr/share/man --infodir=/usr/share/info --enable-shared --enable-threads=posix --enable-checking=release --with-system-zlib --enable-__cxa_atexit --disable-libunwind-exceptions --enable-libgcj-multifile --enable-languages=c,c++,objc,obj-c++,java,fortran,ada --enable-java-awt=gtk --disable-dssi --enable-plugin --with-java-home=/usr/lib/jvm/java-1.4.2-gcj-1.4.2.0/jre --with-cpu=generic --host=x86_64-redhat-linux
Thread model: posix
gcc version 4.1.2 20080704 (Red Hat 4.1.2-46)
configure:2934: $? = 0
configure:2941: gcc -V >&5
gcc: '-V' option must have argument
configure:2944: $? = 1
configure:2967: checking for C compiler default output file name
configure:2994: gcc    conftest.c  >&5
configure:2997: $? = 0
configure:3043: result: a.out
configure:3048: checking whether the C compiler works
configure:3058: ./a.out
configure:3061: $? = 0
configure:3078: result: yes
configure:3085: checking whether we are cross compiling
configure:3087: result: no
configure:3090: checking for suffix of executables
configure:3097: gcc -o conftest    conftest.c  >&5
configure:3100: $? = 0
configure:3124: result: 
configure:3130: checking for suffix of object files
configure:3156: gcc -c   conftest.c >&5
configure:3159: $? = 0
configure:3182: result: o
configure:3186: checking whether we are using the GNU C compiler
configure:3215: gcc -c   conftest.c >&5
configure:3221: $? = 0
configure:3228: test -z "$ac_c_werror_flag" || test ! -s conftest.err
configure:3231: $? = 0
configure:3238: test -s conftest.o
configure:3241: $? = 0
configure:3255: result: yes
configure:3260: checking whether gcc accepts -g
configure:3290: gcc -c -g  conftest.c >&5
configure:3296: $? = 0
configure:3303: test -z "$ac_c_werror_flag" || test ! -s conftest.err
configure:3306: $? = 0
configure:3313: test -s conftest.o
configure:3316: $? = 0
configure:3446: result: yes
configure:3463: checking for gcc option to accept ISO C89
configure:3537: gcc  -c -g -O2  conftest.c >&5
configure:3543: $? = 0
configure:3550: test -z "$ac_c_werror_flag" || test ! -s conftest.err
configure:3553: $? = 0
configure:3560: test -s conftest.o
configure:3563: $? = 0
configure:3583: result: none needed
configure:3603: checking dependency style of gcc
configure:3693: result: gcc3
configure:3710: checking for a sed that does not truncate output
configure:3766: result: /bin/sed
configure:3769: checking for grep that handles long lines and -e
configure:3843: result: /bin/grep
configure:3848: checking for egrep
configure:3926: result: /bin/grep -E
configure:3942: checking for ld used by gcc
configure:4009: result: /usr/bin/ld
configure:4018: checking if the linker (/usr/bin/ld) is GNU ld
configure:4033: result: yes
configure:4038: checking for /usr/bin/ld option to reload object files
configure:4045: result: -r
configure:4063: checking for BSD-compatible nm
configure:4112: result: /usr/bin/nm -B
configure:4116: checking whether ln -s works
configure:4120: result: yes
configure:4127: checking how to recognise dependent libraries
configure:4303: result: pass_all
configure:4391: gcc -c -g -O2  conftest.c >&5
configure:4394: $? = 0
configure:4553: checking how to run the C preprocessor
configure:4593: gcc -E  conftest.c
configure:4599: $? = 0
configure:4637: gcc -E  conftest.c
conftest.c:10:28: error: ac_nonexistent.h: No such file or directory
configure:4643: $? = 1
configure: failed program was:
| /* confdefs.h.  */
| #define PACKAGE_NAME "ltp-service"
| #define PACKAGE_TARNAME "ltp-service"
| #define PACKAGE_VERSION "1.0"
| #define PACKAGE_STRING "ltp-service 1.0"
| #define PACKAGE_BUGREPORT "zhhan@ir.hit.edu.cn"
| #define PACKAGE "ltp-service"
| #define VERSION "1.0"
| /* end confdefs.h.  */
| #include <ac_nonexistent.h>
configure:4683: result: gcc -E
configure:4712: gcc -E  conftest.c
configure:4718: $? = 0
configure:4756: gcc -E  conftest.c
conftest.c:10:28: error: ac_nonexistent.h: No such file or directory
configure:4762: $? = 1
configure: failed program was:
| /* confdefs.h.  */
| #define PACKAGE_NAME "ltp-service"
| #define PACKAGE_TARNAME "ltp-service"
| #define PACKAGE_VERSION "1.0"
| #define PACKAGE_STRING "ltp-service 1.0"
| #define PACKAGE_BUGREPORT "zhhan@ir.hit.edu.cn"
| #define PACKAGE "ltp-service"
| #define VERSION "1.0"
| /* end confdefs.h.  */
| #include <ac_nonexistent.h>
configure:4807: checking for ANSI C header files
configure:4837: gcc -c -g -O2  conftest.c >&5
configure:4843: $? = 0
configure:4850: test -z "$ac_c_werror_flag" || test ! -s conftest.err
configure:4853: $? = 0
configure:4860: test -s conftest.o
configure:4863: $? = 0
configure:4959: gcc -o conftest -g -O2   conftest.c  >&5
configure:4962: $? = 0
configure:4968: ./conftest
configure:4971: $? = 0
configure:4988: result: yes
configure:5012: checking for sys/types.h
configure:5033: gcc -c -g -O2  conftest.c >&5
configure:5039: $? = 0
configure:5046: test -z "$ac_c_werror_flag" || test ! -s conftest.err
configure:5049: $? = 0
configure:5056: test -s conftest.o
configure:5059: $? = 0
configure:5072: result: yes
configure:5012: checking for sys/stat.h
configure:5033: gcc -c -g -O2  conftest.c >&5
configure:5039: $? = 0
configure:5046: test -z "$ac_c_werror_flag" || test ! -s conftest.err
configure:5049: $? = 0
configure:5056: test -s conftest.o
configure:5059: $? = 0
configure:5072: result: yes
configure:5012: checking for stdlib.h
configure:5033: gcc -c -g -O2  conftest.c >&5
configure:5039: $? = 0
configure:5046: test -z "$ac_c_werror_flag" || test ! -s conftest.err
configure:5049: $? = 0
configure:5056: test -s conftest.o
configure:5059: $? = 0
configure:5072: result: yes
configure:5012: checking for string.h
configure:5033: gcc -c -g -O2  conftest.c >&5
configure:5039: $? = 0
configure:5046: test -z "$ac_c_werror_flag" || test ! -s conftest.err
configure:5049: $? = 0
configure:5056: test -s conftest.o
configure:5059: $? = 0
configure:5072: result: yes
configure:5012: checking for memory.h
configure:5033: gcc -c -g -O2  conftest.c >&5
configure:5039: $? = 0
configure:5046: test -z "$ac_c_werror_flag" || test ! -s conftest.err
configure:5049: $? = 0
configure:5056: test -s conftest.o
configure:5059: $? = 0
configure:5072: result: yes
configure:5012: checking for strings.h
configure:5033: gcc -c -g -O2  conftest.c >&5
configure:5039: $? = 0
configure:5046: test -z "$ac_c_werror_flag" || test ! -s conftest.err
configure:5049: $? = 0
configure:5056: test -s conftest.o
configure:5059: $? = 0
configure:5072: result: yes
configure:5012: checking for inttypes.h
configure:5033: gcc -c -g -O2  conftest.c >&5
configure:5039: $? = 0
configure:5046: test -z "$ac_c_werror_flag" || test ! -s conftest.err
configure:5049: $? = 0
configure:5056: test -s conftest.o
configure:5059: $? = 0
configure:5072: result: yes
configure:5012: checking for stdint.h
configure:5033: gcc -c -g -O2  conftest.c >&5
configure:5039: $? = 0
configure:5046: test -z "$ac_c_werror_flag" || test ! -s conftest.err
configure:5049: $? = 0
configure:5056: test -s conftest.o
configure:5059: $? = 0
configure:5072: result: yes
configure:5012: checking for unistd.h
configure:5033: gcc -c -g -O2  conftest.c >&5
configure:5039: $? = 0
configure:5046: test -z "$ac_c_werror_flag" || test ! -s conftest.err
configure:5049: $? = 0
configure:5056: test -s conftest.o
configure:5059: $? = 0
configure:5072: result: yes
configure:5099: checking dlfcn.h usability
configure:5116: gcc -c -g -O2  conftest.c >&5
configure:5122: $? = 0
configure:5129: test -z "$ac_c_werror_flag" || test ! -s conftest.err
configure:5132: $? = 0
configure:5139: test -s conftest.o
configure:5142: $? = 0
configure:5153: result: yes
configure:5157: checking dlfcn.h presence
configure:5172: gcc -E  conftest.c
configure:5178: $? = 0
configure:5199: result: yes
configure:5232: checking for dlfcn.h
configure:5240: result: yes
configure:5311: checking for g++
configure:5327: found /usr/bin/g++
configure:5338: result: g++
configure:5369: checking for C++ compiler version
configure:5376: g++ --version >&5
g++ (GCC) 4.1.2 20080704 (Red Hat 4.1.2-46)
Copyright (C) 2006 Free Software Foundation, Inc.
This is free software; see the source for copying conditions.  There is NO
warranty; not even for MERCHANTABILITY or FITNESS FOR A PARTICULAR PURPOSE.

configure:5379: $? = 0
configure:5386: g++ -v >&5
Using built-in specs.
Target: x86_64-redhat-linux
Configured with: ../configure --prefix=/usr --mandir=/usr/share/man --infodir=/usr/share/info --enable-shared --enable-threads=posix --enable-checking=release --with-system-zlib --enable-__cxa_atexit --disable-libunwind-exceptions --enable-libgcj-multifile --enable-languages=c,c++,objc,obj-c++,java,fortran,ada --enable-java-awt=gtk --disable-dssi --enable-plugin --with-java-home=/usr/lib/jvm/java-1.4.2-gcj-1.4.2.0/jre --with-cpu=generic --host=x86_64-redhat-linux
Thread model: posix
gcc version 4.1.2 20080704 (Red Hat 4.1.2-46)
configure:5389: $? = 0
configure:5396: g++ -V >&5
g++: '-V' option must have argument
configure:5399: $? = 1
configure:5402: checking whether we are using the GNU C++ compiler
configure:5431: g++ -c   conftest.cpp >&5
configure:5437: $? = 0
configure:5444: test -z "$ac_cxx_werror_flag" || test ! -s conftest.err
configure:5447: $? = 0
configure:5454: test -s conftest.o
configure:5457: $? = 0
configure:5471: result: yes
configure:5476: checking whether g++ accepts -g
configure:5506: g++ -c -g  conftest.cpp >&5
configure:5512: $? = 0
configure:5519: test -z "$ac_cxx_werror_flag" || test ! -s conftest.err
configure:5522: $? = 0
configure:5529: test -s conftest.o
configure:5532: $? = 0
configure:5662: result: yes
configure:5687: checking dependency style of g++
configure:5777: result: gcc3
configure:5804: checking how to run the C++ preprocessor
configure:5840: g++ -E  conftest.cpp
configure:5846: $? = 0
configure:5884: g++ -E  conftest.cpp
conftest.cpp:21:28: error: ac_nonexistent.h: No such file or directory
configure:5890: $? = 1
configure: failed program was:
| /* confdefs.h.  */
| #define PACKAGE_NAME "ltp-service"
| #define PACKAGE_TARNAME "ltp-service"
| #define PACKAGE_VERSION "1.0"
| #define PACKAGE_STRING "ltp-service 1.0"
| #define PACKAGE_BUGREPORT "zhhan@ir.hit.edu.cn"
| #define PACKAGE "ltp-service"
| #define VERSION "1.0"
| #define STDC_HEADERS 1
| #define HAVE_SYS_TYPES_H 1
| #define HAVE_SYS_STAT_H 1
| #define HAVE_STDLIB_H 1
| #define HAVE_STRING_H 1
| #define HAVE_MEMORY_H 1
| #define HAVE_STRINGS_H 1
| #define HAVE_INTTYPES_H 1
| #define HAVE_STDINT_H 1
| #define HAVE_UNISTD_H 1
| #define HAVE_DLFCN_H 1
| /* end confdefs.h.  */
| #include <ac_nonexistent.h>
configure:5930: result: g++ -E
configure:5959: g++ -E  conftest.cpp
configure:5965: $? = 0
configure:6003: g++ -E  conftest.cpp
conftest.cpp:21:28: error: ac_nonexistent.h: No such file or directory
configure:6009: $? = 1
configure: failed program was:
| /* confdefs.h.  */
| #define PACKAGE_NAME "ltp-service"
| #define PACKAGE_TARNAME "ltp-service"
| #define PACKAGE_VERSION "1.0"
| #define PACKAGE_STRING "ltp-service 1.0"
| #define PACKAGE_BUGREPORT "zhhan@ir.hit.edu.cn"
| #define PACKAGE "ltp-service"
| #define VERSION "1.0"
| #define STDC_HEADERS 1
| #define HAVE_SYS_TYPES_H 1
| #define HAVE_SYS_STAT_H 1
| #define HAVE_STDLIB_H 1
| #define HAVE_STRING_H 1
| #define HAVE_MEMORY_H 1
| #define HAVE_STRINGS_H 1
| #define HAVE_INTTYPES_H 1
| #define HAVE_STDINT_H 1
| #define HAVE_UNISTD_H 1
| #define HAVE_DLFCN_H 1
| /* end confdefs.h.  */
| #include <ac_nonexistent.h>
configure:6109: checking for g77
configure:6125: found /usr/bin/g77
configure:6136: result: g77
configure:6166: checking for Fortran 77 compiler version
configure:6173: g77 --version >&5
GNU Fortran (GCC) 3.4.6 20060404 (Red Hat 3.4.6-4)
Copyright (C) 2006 Free Software Foundation, Inc.

GNU Fortran comes with NO WARRANTY, to the extent permitted by law.
You may redistribute copies of GNU Fortran
under the terms of the GNU General Public License.
For more information about these matters, see the file named COPYING
or type the command `info -f g77 Copying'.
configure:6176: $? = 0
configure:6183: g77 -v >&5
Reading specs from /usr/lib/gcc/x86_64-redhat-linux/3.4.6/specs
Configured with: ../configure --prefix=/usr --mandir=/usr/share/man --infodir=/usr/share/info --enable-shared --enable-threads=posix --disable-checking --with-system-zlib --enable-__cxa_atexit --disable-libunwind-exceptions --enable-languages=c,c++,f77 --disable-libgcj --host=x86_64-redhat-linux
Thread model: posix
gcc version 3.4.6 20060404 (Red Hat 3.4.6-4)
configure:6186: $? = 0
configure:6193: g77 -V >&5
g77: `-V' option must have argument
configure:6196: $? = 1
configure:6204: checking whether we are using the GNU Fortran 77 compiler
configure:6223: g77 -c  conftest.F >&5
configure:6229: $? = 0
configure:6236: test -z "$ac_f77_werror_flag" || test ! -s conftest.err
configure:6239: $? = 0
configure:6246: test -s conftest.o
configure:6249: $? = 0
configure:6263: result: yes
configure:6269: checking whether g77 accepts -g
configure:6286: g77 -c -g conftest.f >&5
configure:6292: $? = 0
configure:6299: test -z "$ac_f77_werror_flag" || test ! -s conftest.err
configure:6302: $? = 0
configure:6309: test -s conftest.o
configure:6312: $? = 0
configure:6325: result: yes
configure:6355: checking the maximum length of command line arguments
configure:6464: result: 32768
configure:6475: checking command to parse /usr/bin/nm -B output from gcc object
configure:6580: gcc -c -g -O2  conftest.c >&5
configure:6583: $? = 0
configure:6587: /usr/bin/nm -B conftest.o \| sed -n -e 's/^.*[ 	]\([ABCDGIRSTW][ABCDGIRSTW]*\)[ 	][ 	]*\([_A-Za-z][_A-Za-z0-9]*\)$/\1 \2 \2/p' \> conftest.nm
configure:6590: $? = 0
configure:6642: gcc -o conftest -g -O2   conftest.c conftstm.o >&5
configure:6645: $? = 0
configure:6683: result: ok
configure:6687: checking for objdir
configure:6702: result: .libs
configure:6794: checking for ar
configure:6810: found /usr/bin/ar
configure:6821: result: ar
configure:6890: checking for ranlib
configure:6906: found /usr/bin/ranlib
configure:6917: result: ranlib
configure:6986: checking for strip
configure:7002: found /usr/bin/strip
configure:7013: result: strip
configure:7299: checking if gcc supports -fno-rtti -fno-exceptions
configure:7317: gcc -c -g -O2  -fno-rtti -fno-exceptions conftest.c >&5
cc1: warning: command line option "-fno-rtti" is valid for C++/ObjC++ but not for C
configure:7321: $? = 0
configure:7334: result: no
configure:7349: checking for gcc option to produce PIC
configure:7559: result: -fPIC
configure:7567: checking if gcc PIC flag -fPIC works
configure:7585: gcc -c -g -O2  -fPIC -DPIC conftest.c >&5
configure:7589: $? = 0
configure:7602: result: yes
configure:7630: checking if gcc static flag -static works
configure:7658: result: yes
configure:7668: checking if gcc supports -c -o file.o
configure:7689: gcc -c -g -O2  -o out/conftest2.o conftest.c >&5
configure:7693: $? = 0
configure:7715: result: yes
configure:7741: checking whether the gcc linker (/usr/bin/ld -m elf_x86_64) supports shared libraries
configure:8727: result: yes
configure:8748: checking whether -lc should be explicitly linked in
configure:8753: gcc -c -g -O2  conftest.c >&5
configure:8756: $? = 0
configure:8771: gcc -shared conftest.o  -v -Wl,-soname -Wl,conftest -o conftest 2\>\&1 \| grep  -lc  \>/dev/null 2\>\&1
configure:8774: $? = 0
configure:8786: result: no
configure:8794: checking dynamic linker characteristics
configure:9187: gcc -c -g -O2  conftest.c >&5
configure:9190: $? = 0
configure:9403: result: GNU/Linux ld.so
configure:9412: checking how to hardcode library paths into programs
configure:9437: result: immediate
configure:9451: checking whether stripping libraries is possible
configure:9456: result: yes
configure:10369: checking if libtool supports shared libraries
configure:10371: result: yes
configure:10374: checking whether to build shared libraries
configure:10395: result: yes
configure:10398: checking whether to build static libraries
configure:10402: result: yes
configure:10494: creating libtool
configure:11085: checking for ld used by g++
configure:11152: result: /usr/bin/ld -m elf_x86_64
configure:11161: checking if the linker (/usr/bin/ld -m elf_x86_64) is GNU ld
configure:11176: result: yes
configure:11227: checking whether the g++ linker (/usr/bin/ld -m elf_x86_64) supports shared libraries
configure:12193: result: yes
configure:12211: g++ -c -g -O2  conftest.cpp >&5
configure:12214: $? = 0
configure:12333: checking for g++ option to produce PIC
configure:12607: result: -fPIC
configure:12615: checking if g++ PIC flag -fPIC works
configure:12633: g++ -c -g -O2  -fPIC -DPIC conftest.cpp >&5
configure:12637: $? = 0
configure:12650: result: yes
configure:12678: checking if g++ static flag -static works
configure:12706: result: yes
configure:12716: checking if g++ supports -c -o file.o
configure:12737: g++ -c -g -O2  -o out/conftest2.o conftest.cpp >&5
configure:12741: $? = 0
configure:12763: result: yes
configure:12789: checking whether the g++ linker (/usr/bin/ld -m elf_x86_64) supports shared libraries
configure:12814: result: yes
configure:12881: checking dynamic linker characteristics
configure:13274: g++ -c -g -O2  conftest.cpp >&5
configure:13277: $? = 0
configure:13490: result: GNU/Linux ld.so
configure:13499: checking how to hardcode library paths into programs
configure:13524: result: immediate
configure:14053: checking if libtool supports shared libraries
configure:14055: result: yes
configure:14058: checking whether to build shared libraries
configure:14078: result: yes
configure:14081: checking whether to build static libraries
configure:14085: result: yes
configure:14095: checking for g77 option to produce PIC
configure:14305: result: -fPIC
configure:14313: checking if g77 PIC flag -fPIC works
configure:14331: g77 -c -g -O2 -fPIC conftest.f >&5
configure:14335: $? = 0
configure:14348: result: yes
configure:14376: checking if g77 static flag -static works
configure:14404: result: yes
configure:14414: checking if g77 supports -c -o file.o
configure:14435: g77 -c -g -O2 -o out/conftest2.o conftest.f >&5
configure:14439: $? = 0
configure:14461: result: yes
configure:14487: checking whether the g77 linker (/usr/bin/ld -m elf_x86_64) supports shared libraries
configure:15453: result: yes
configure:15520: checking dynamic linker characteristics
configure:15913: g77 -c -g -O2 conftest.f >&5
configure:15916: $? = 0
configure:16129: result: GNU/Linux ld.so
configure:16138: checking how to hardcode library paths into programs
configure:16163: result: immediate
configure:19900: checking for C++ compiler version
configure:19907: g++ --version >&5
g++ (GCC) 4.1.2 20080704 (Red Hat 4.1.2-46)
Copyright (C) 2006 Free Software Foundation, Inc.
This is free software; see the source for copying conditions.  There is NO
warranty; not even for MERCHANTABILITY or FITNESS FOR A PARTICULAR PURPOSE.

configure:19910: $? = 0
configure:19917: g++ -v >&5
Using built-in specs.
Target: x86_64-redhat-linux
Configured with: ../configure --prefix=/usr --mandir=/usr/share/man --infodir=/usr/share/info --enable-shared --enable-threads=posix --enable-checking=release --with-system-zlib --enable-__cxa_atexit --disable-libunwind-exceptions --enable-libgcj-multifile --enable-languages=c,c++,objc,obj-c++,java,fortran,ada --enable-java-awt=gtk --disable-dssi --enable-plugin --with-java-home=/usr/lib/jvm/java-1.4.2-gcj-1.4.2.0/jre --with-cpu=generic --host=x86_64-redhat-linux
Thread model: posix
gcc version 4.1.2 20080704 (Red Hat 4.1.2-46)
configure:19920: $? = 0
configure:19927: g++ -V >&5
g++: '-V' option must have argument
configure:19930: $? = 1
configure:19933: checking whether we are using the GNU C++ compiler
configure:20002: result: yes
configure:20007: checking whether g++ accepts -g
configure:20193: result: yes
configure:20218: checking dependency style of g++
configure:20308: result: gcc3
configure:20373: checking for gcc
configure:20400: result: gcc
configure:20638: checking for C compiler version
configure:20645: gcc --version >&5
gcc (GCC) 4.1.2 20080704 (Red Hat 4.1.2-46)
Copyright (C) 2006 Free Software Foundation, Inc.
This is free software; see the source for copying conditions.  There is NO
warranty; not even for MERCHANTABILITY or FITNESS FOR A PARTICULAR PURPOSE.

configure:20648: $? = 0
configure:20655: gcc -v >&5
Using built-in specs.
Target: x86_64-redhat-linux
Configured with: ../configure --prefix=/usr --mandir=/usr/share/man --infodir=/usr/share/info --enable-shared --enable-threads=posix --enable-checking=release --with-system-zlib --enable-__cxa_atexit --disable-libunwind-exceptions --enable-libgcj-multifile --enable-languages=c,c++,objc,obj-c++,java,fortran,ada --enable-java-awt=gtk --disable-dssi --enable-plugin --with-java-home=/usr/lib/jvm/java-1.4.2-gcj-1.4.2.0/jre --with-cpu=generic --host=x86_64-redhat-linux
Thread model: posix
gcc version 4.1.2 20080704 (Red Hat 4.1.2-46)
configure:20658: $? = 0
configure:20665: gcc -V >&5
gcc: '-V' option must have argument
configure:20668: $? = 1
configure:20671: checking whether we are using the GNU C compiler
configure:20740: result: yes
configure:20745: checking whether gcc accepts -g
configure:20931: result: yes
configure:20948: checking for gcc option to accept ISO C89
configure:21068: result: none needed
configure:21088: checking dependency style of gcc
configure:21178: result: gcc3
configure:21201: checking for main in -lbase64
configure:21230: gcc -o conftest -g -O2   conftest.c -lbase64   >&5
/usr/bin/ld: cannot find -lbase64
collect2: ld returned 1 exit status
configure:21236: $? = 1
configure: failed program was:
| /* confdefs.h.  */
| #define PACKAGE_NAME "ltp-service"
| #define PACKAGE_TARNAME "ltp-service"
| #define PACKAGE_VERSION "1.0"
| #define PACKAGE_STRING "ltp-service 1.0"
| #define PACKAGE_BUGREPORT "zhhan@ir.hit.edu.cn"
| #define PACKAGE "ltp-service"
| #define VERSION "1.0"
| #define STDC_HEADERS 1
| #define HAVE_SYS_TYPES_H 1
| #define HAVE_SYS_STAT_H 1
| #define HAVE_STDLIB_H 1
| #define HAVE_STRING_H 1
| #define HAVE_MEMORY_H 1
| #define HAVE_STRINGS_H 1
| #define HAVE_INTTYPES_H 1
| #define HAVE_STDINT_H 1
| #define HAVE_UNISTD_H 1
| #define HAVE_DLFCN_H 1
| /* end confdefs.h.  */
| 
| 
| int
| main ()
| {
| return main ();
|   ;
|   return 0;
| }
configure:21270: result: no
configure:21283: checking for main in -ldl
configure:21312: gcc -o conftest -g -O2   conftest.c -ldl   >&5
configure:21318: $? = 0
configure:21325: test -z "$ac_c_werror_flag" || test ! -s conftest.err
configure:21328: $? = 0
configure:21335: test -s conftest
configure:21338: $? = 0
configure:21352: result: yes
configure:21365: checking for main in -lltpservice
configure:21394: gcc -o conftest -g -O2   conftest.c -lltpservice  -ldl  >&5
/usr/bin/ld: cannot find -lltpservice
collect2: ld returned 1 exit status
configure:21400: $? = 1
configure: failed program was:
| /* confdefs.h.  */
| #define PACKAGE_NAME "ltp-service"
| #define PACKAGE_TARNAME "ltp-service"
| #define PACKAGE_VERSION "1.0"
| #define PACKAGE_STRING "ltp-service 1.0"
| #define PACKAGE_BUGREPORT "zhhan@ir.hit.edu.cn"
| #define PACKAGE "ltp-service"
| #define VERSION "1.0"
| #define STDC_HEADERS 1
| #define HAVE_SYS_TYPES_H 1
| #define HAVE_SYS_STAT_H 1
| #define HAVE_STDLIB_H 1
| #define HAVE_STRING_H 1
| #define HAVE_MEMORY_H 1
| #define HAVE_STRINGS_H 1
| #define HAVE_INTTYPES_H 1
| #define HAVE_STDINT_H 1
| #define HAVE_UNISTD_H 1
| #define HAVE_DLFCN_H 1
| #define HAVE_LIBDL 1
| /* end confdefs.h.  */
| 
| 
| int
| main ()
| {
| return main ();
|   ;
|   return 0;
| }
configure:21434: result: no
configure:21447: checking for main in -lutil
configure:21476: gcc -o conftest -g -O2   conftest.c -lutil  -ldl  >&5
configure:21482: $? = 0
configure:21489: test -z "$ac_c_werror_flag" || test ! -s conftest.err
configure:21492: $? = 0
configure:21499: test -s conftest
configure:21502: $? = 0
configure:21516: result: yes
configure:21529: checking for main in -lxml4nlp
configure:21558: gcc -o conftest -g -O2   conftest.c -lxml4nlp  -lutil -ldl  >&5
/usr/bin/ld: cannot find -lxml4nlp
collect2: ld returned 1 exit status
configure:21564: $? = 1
configure: failed program was:
| /* confdefs.h.  */
| #define PACKAGE_NAME "ltp-service"
| #define PACKAGE_TARNAME "ltp-service"
| #define PACKAGE_VERSION "1.0"
| #define PACKAGE_STRING "ltp-service 1.0"
| #define PACKAGE_BUGREPORT "zhhan@ir.hit.edu.cn"
| #define PACKAGE "ltp-service"
| #define VERSION "1.0"
| #define STDC_HEADERS 1
| #define HAVE_SYS_TYPES_H 1
| #define HAVE_SYS_STAT_H 1
| #define HAVE_STDLIB_H 1
| #define HAVE_STRING_H 1
| #define HAVE_MEMORY_H 1
| #define HAVE_STRINGS_H 1
| #define HAVE_INTTYPES_H 1
| #define HAVE_STDINT_H 1
| #define HAVE_UNISTD_H 1
| #define HAVE_DLFCN_H 1
| #define HAVE_LIBDL 1
| #define HAVE_LIBUTIL 1
| /* end confdefs.h.  */
| 
| 
| int
| main ()
| {
| return main ();
|   ;
|   return 0;
| }
configure:21598: result: no
configure:21629: checking netdb.h usability
configure:21646: gcc -c -g -O2  conftest.c >&5
configure:21652: $? = 0
configure:21659: test -z "$ac_c_werror_flag" || test ! -s conftest.err
configure:21662: $? = 0
configure:21669: test -s conftest.o
configure:21672: $? = 0
configure:21683: result: yes
configure:21687: checking netdb.h presence
configure:21702: gcc -E  conftest.c
configure:21708: $? = 0
configure:21729: result: yes
configure:21762: checking for netdb.h
configure:21770: result: yes
configure:21629: checking stddef.h usability
configure:21646: gcc -c -g -O2  conftest.c >&5
configure:21652: $? = 0
configure:21659: test -z "$ac_c_werror_flag" || test ! -s conftest.err
configure:21662: $? = 0
configure:21669: test -s conftest.o
configure:21672: $? = 0
configure:21683: result: yes
configure:21687: checking stddef.h presence
configure:21702: gcc -E  conftest.c
configure:21708: $? = 0
configure:21729: result: yes
configure:21762: checking for stddef.h
configure:21770: result: yes
configure:21619: checking for stdlib.h
configure:21625: result: yes
configure:21619: checking for string.h
configure:21625: result: yes
configure:21785: checking for stdbool.h that conforms to C99
configure:21878: gcc -c -g -O2  conftest.c >&5
configure:21884: $? = 0
configure:21891: test -z "$ac_c_werror_flag" || test ! -s conftest.err
configure:21894: $? = 0
configure:21901: test -s conftest.o
configure:21904: $? = 0
configure:21916: result: yes
configure:21918: checking for _Bool
configure:21948: gcc -c -g -O2  conftest.c >&5
configure:21954: $? = 0
configure:21961: test -z "$ac_c_werror_flag" || test ! -s conftest.err
configure:21964: $? = 0
configure:21971: test -s conftest.o
configure:21974: $? = 0
configure:21986: result: yes
configure:22005: checking for inline
configure:22031: gcc -c -g -O2  conftest.c >&5
configure:22037: $? = 0
configure:22044: test -z "$ac_c_werror_flag" || test ! -s conftest.err
configure:22047: $? = 0
configure:22054: test -s conftest.o
configure:22057: $? = 0
configure:22072: result: inline
configure:22091: checking for size_t
configure:22121: gcc -c -g -O2  conftest.c >&5
configure:22127: $? = 0
configure:22134: test -z "$ac_c_werror_flag" || test ! -s conftest.err
configure:22137: $? = 0
configure:22144: test -s conftest.o
configure:22147: $? = 0
configure:22159: result: yes
configure:22171: checking for ptrdiff_t
configure:22201: gcc -c -g -O2  conftest.c >&5
configure:22207: $? = 0
configure:22214: test -z "$ac_c_werror_flag" || test ! -s conftest.err
configure:22217: $? = 0
configure:22224: test -s conftest.o
configure:22227: $? = 0
configure:22239: result: yes
configure:22259: checking for gethostbyname
configure:22315: gcc -o conftest -g -O2   conftest.c -lutil -ldl  >&5
configure:22321: $? = 0
configure:22328: test -z "$ac_c_werror_flag" || test ! -s conftest.err
configure:22331: $? = 0
configure:22338: test -s conftest
configure:22341: $? = 0
configure:22355: result: yes
configure:22259: checking for memmove
configure:22315: gcc -o conftest -g -O2   conftest.c -lutil -ldl  >&5
conftest.c:54: warning: conflicting types for built-in function 'memmove'
configure:22321: $? = 0
configure:22328: test -z "$ac_c_werror_flag" || test ! -s conftest.err
configure:22331: $? = 0
configure:22338: test -s conftest
configure:22341: $? = 0
configure:22355: result: yes
configure:22259: checking for socket
configure:22315: gcc -o conftest -g -O2   conftest.c -lutil -ldl  >&5
configure:22321: $? = 0
configure:22328: test -z "$ac_c_werror_flag" || test ! -s conftest.err
configure:22331: $? = 0
configure:22338: test -s conftest
configure:22341: $? = 0
configure:22355: result: yes
configure:22259: checking for strchr
configure:22315: gcc -o conftest -g -O2   conftest.c -lutil -ldl  >&5
conftest.c:56: warning: conflicting types for built-in function 'strchr'
configure:22321: $? = 0
configure:22328: test -z "$ac_c_werror_flag" || test ! -s conftest.err
configure:22331: $? = 0
configure:22338: test -s conftest
configure:22341: $? = 0
configure:22355: result: yes
configure:22503: creating ./config.status

## ---------------------- ##
## Running config.status. ##
## ---------------------- ##

This file was extended by ltp-service config.status 1.0, which was
generated by GNU Autoconf 2.60.  Invocation command line was

  CONFIG_FILES    = 
  CONFIG_HEADERS  = 
  CONFIG_LINKS    = 
  CONFIG_COMMANDS = 
  $ ./config.status 

on node10

config.status:650: creating Makefile
config.status:650: creating __ltpService/Makefile
config.status:650: creating __util/Makefile
config.status:650: creating __xml4nlp/Makefile
config.status:650: creating config.h
config.status:884: config.h is unchanged
config.status:930: executing depfiles commands

## ---------------- ##
## Cache variables. ##
## ---------------- ##

ac_cv_build=x86_64-redhat-linux-gnu
ac_cv_c_compiler_gnu=yes
ac_cv_c_inline=inline
ac_cv_cxx_compiler_gnu=yes
ac_cv_env_CCC_set=
ac_cv_env_CCC_value=
ac_cv_env_CC_set=
ac_cv_env_CC_value=
ac_cv_env_CFLAGS_set=
ac_cv_env_CFLAGS_value=
ac_cv_env_CPPFLAGS_set=
ac_cv_env_CPPFLAGS_value=
ac_cv_env_CPP_set=
ac_cv_env_CPP_value=
ac_cv_env_CXXCPP_set=
ac_cv_env_CXXCPP_value=
ac_cv_env_CXXFLAGS_set=
ac_cv_env_CXXFLAGS_value=
ac_cv_env_CXX_set=
ac_cv_env_CXX_value=
ac_cv_env_F77_set=
ac_cv_env_F77_value=
ac_cv_env_FFLAGS_set=
ac_cv_env_FFLAGS_value=
ac_cv_env_LDFLAGS_set=
ac_cv_env_LDFLAGS_value=
ac_cv_env_build_alias_set=
ac_cv_env_build_alias_value=
ac_cv_env_host_alias_set=
ac_cv_env_host_alias_value=
ac_cv_env_target_alias_set=
ac_cv_env_target_alias_value=
ac_cv_f77_compiler_gnu=yes
ac_cv_func_gethostbyname=yes
ac_cv_func_memmove=yes
ac_cv_func_socket=yes
ac_cv_func_strchr=yes
ac_cv_header_dlfcn_h=yes
ac_cv_header_inttypes_h=yes
ac_cv_header_memory_h=yes
ac_cv_header_netdb_h=yes
ac_cv_header_stdbool_h=yes
ac_cv_header_stdc=yes
ac_cv_header_stddef_h=yes
ac_cv_header_stdint_h=yes
ac_cv_header_stdlib_h=yes
ac_cv_header_string_h=yes
ac_cv_header_strings_h=yes
ac_cv_header_sys_stat_h=yes
ac_cv_header_sys_types_h=yes
ac_cv_header_unistd_h=yes
ac_cv_host=x86_64-redhat-linux-gnu
ac_cv_lib_base64_main=no
ac_cv_lib_dl_main=yes
ac_cv_lib_ltpservice_main=no
ac_cv_lib_util_main=yes
ac_cv_lib_xml4nlp_main=no
ac_cv_objext=o
ac_cv_path_EGREP='/bin/grep -E'
ac_cv_path_GREP=/bin/grep
ac_cv_path_install='/usr/bin/install -c'
ac_cv_prog_AWK=gawk
ac_cv_prog_CPP='gcc -E'
ac_cv_prog_CXXCPP='g++ -E'
ac_cv_prog_ac_ct_AR=ar
ac_cv_prog_ac_ct_CC=gcc
ac_cv_prog_ac_ct_CXX=g++
ac_cv_prog_ac_ct_F77=g77
ac_cv_prog_ac_ct_RANLIB=ranlib
ac_cv_prog_ac_ct_STRIP=strip
ac_cv_prog_cc_c89=
ac_cv_prog_cc_g=yes
ac_cv_prog_cxx_g=yes
ac_cv_prog_f77_g=yes
ac_cv_prog_make_make_set=yes
ac_cv_type__Bool=yes
ac_cv_type_ptrdiff_t=yes
ac_cv_type_size_t=yes
am_cv_CC_dependencies_compiler_type=gcc3
am_cv_CXX_dependencies_compiler_type=gcc3
lt_cv_deplibs_check_method=pass_all
lt_cv_file_magic_cmd='$MAGIC_CMD'
lt_cv_file_magic_test_file=
lt_cv_ld_reload_flag=-r
lt_cv_objdir=.libs
lt_cv_path_LD=/usr/bin/ld
lt_cv_path_LDCXX='/usr/bin/ld -m elf_x86_64'
lt_cv_path_NM='/usr/bin/nm -B'
lt_cv_path_SED=/bin/sed
lt_cv_prog_compiler_c_o=yes
lt_cv_prog_compiler_c_o_CXX=yes
lt_cv_prog_compiler_c_o_F77=yes
lt_cv_prog_compiler_rtti_exceptions=no
lt_cv_prog_gnu_ld=yes
lt_cv_prog_gnu_ldcxx=yes
lt_cv_sys_global_symbol_pipe='sed -n -e '\''s/^.*[ 	]\([ABCDGIRSTW][ABCDGIRSTW]*\)[ 	][ 	]*\([_A-Za-z][_A-Za-z0-9]*\)$/\1 \2 \2/p'\'''
lt_cv_sys_global_symbol_to_c_name_address='sed -n -e '\''s/^: \([^ ]*\) $/  {\"\1\", (lt_ptr) 0},/p'\'' -e '\''s/^[BCDEGRST] \([^ ]*\) \([^ ]*\)$/  {"\2", (lt_ptr) \&\2},/p'\'''
lt_cv_sys_global_symbol_to_cdecl='sed -n -e '\''s/^. .* \(.*\)$/extern int \1;/p'\'''
lt_cv_sys_max_cmd_len=32768
lt_lt_cv_prog_compiler_c_o='"yes"'
lt_lt_cv_prog_compiler_c_o_CXX='"yes"'
lt_lt_cv_prog_compiler_c_o_F77='"yes"'
lt_lt_cv_sys_global_symbol_pipe='"sed -n -e '\''s/^.*[ 	]\\([ABCDGIRSTW][ABCDGIRSTW]*\\)[ 	][ 	]*\\([_A-Za-z][_A-Za-z0-9]*\\)\$/\\1 \\2 \\2/p'\''"'
lt_lt_cv_sys_global_symbol_to_c_name_address='"sed -n -e '\''s/^: \\([^ ]*\\) \$/  {\\\"\\1\\\", (lt_ptr) 0},/p'\'' -e '\''s/^[BCDEGRST] \\([^ ]*\\) \\([^ ]*\\)\$/  {\"\\2\", (lt_ptr) \\&\\2},/p'\''"'
lt_lt_cv_sys_global_symbol_to_cdecl='"sed -n -e '\''s/^. .* \\(.*\\)\$/extern int \\1;/p'\''"'

## ----------------- ##
## Output variables. ##
## ----------------- ##

ACLOCAL='${SHELL} /users/zhhan/workplace/ltp/ltp_cplus/missing --run aclocal-1.9'
AMDEPBACKSLASH='\'
AMDEP_FALSE='#'
AMDEP_TRUE=''
AMTAR='${SHELL} /users/zhhan/workplace/ltp/ltp_cplus/missing --run tar'
AR='ar'
AUTOCONF='${SHELL} /users/zhhan/workplace/ltp/ltp_cplus/missing --run autoconf'
AUTOHEADER='${SHELL} /users/zhhan/workplace/ltp/ltp_cplus/missing --run autoheader'
AUTOMAKE='${SHELL} /users/zhhan/workplace/ltp/ltp_cplus/missing --run automake-1.9'
AWK='gawk'
CC='gcc'
CCDEPMODE='depmode=gcc3'
CFLAGS='-g -O2'
CPP='gcc -E'
CPPFLAGS=''
CXX='g++'
CXXCPP='g++ -E'
CXXDEPMODE='depmode=gcc3'
CXXFLAGS='-g -O2'
CYGPATH_W='echo'
DEFS='-DHAVE_CONFIG_H'
DEPDIR='.deps'
ECHO='echo'
ECHO_C=''
ECHO_N='-n'
ECHO_T=''
EGREP='/bin/grep -E'
EXEEXT=''
F77='g77'
FFLAGS='-g -O2'
GREP='/bin/grep'
INSTALL_DATA='${INSTALL} -m 644'
INSTALL_PROGRAM='${INSTALL}'
INSTALL_SCRIPT='${INSTALL}'
INSTALL_STRIP_PROGRAM='${SHELL} $(install_sh) -c -s'
LDFLAGS=''
LIBOBJS=''
LIBS='-lutil -ldl '
LIBTOOL='$(SHELL) $(top_builddir)/libtool'
LN_S='ln -s'
LTLIBOBJS=''
MAKEINFO='${SHELL} /users/zhhan/workplace/ltp/ltp_cplus/missing --run makeinfo'
OBJEXT='o'
PACKAGE='ltp-service'
PACKAGE_BUGREPORT='zhhan@ir.hit.edu.cn'
PACKAGE_NAME='ltp-service'
PACKAGE_STRING='ltp-service 1.0'
PACKAGE_TARNAME='ltp-service'
PACKAGE_VERSION='1.0'
PATH_SEPARATOR=':'
RANLIB='ranlib'
SED='/bin/sed'
SET_MAKE=''
SHELL='/bin/sh'
STRIP='strip'
VERSION='1.0'
ac_ct_CC='gcc'
ac_ct_CXX='g++'
ac_ct_F77='g77'
am__fastdepCC_FALSE='#'
am__fastdepCC_TRUE=''
am__fastdepCXX_FALSE='#'
am__fastdepCXX_TRUE=''
am__include='include'
am__leading_dot='.'
am__quote=''
am__tar='${AMTAR} chof - "$$tardir"'
am__untar='${AMTAR} xf -'
bindir='${exec_prefix}/bin'
build='x86_64-redhat-linux-gnu'
build_alias=''
build_cpu='x86_64'
build_os='linux-gnu'
build_vendor='redhat'
datadir='${datarootdir}'
datarootdir='${prefix}/share'
docdir='${datarootdir}/doc/${PACKAGE_TARNAME}'
dvidir='${docdir}'
exec_prefix='${prefix}'
host='x86_64-redhat-linux-gnu'
host_alias=''
host_cpu='x86_64'
host_os='linux-gnu'
host_vendor='redhat'
htmldir='${docdir}'
includedir='${prefix}/include'
infodir='${datarootdir}/info'
install_sh='/users/zhhan/workplace/ltp/ltp_cplus/install-sh'
libdir='${exec_prefix}/lib'
libexecdir='${exec_prefix}/libexec'
localedir='${datarootdir}/locale'
localstatedir='${prefix}/var'
mandir='${datarootdir}/man'
mkdir_p='mkdir -p --'
oldincludedir='/usr/include'
pdfdir='${docdir}'
prefix='/users/zhhan/local'
program_transform_name='s,x,x,'
psdir='${docdir}'
sbindir='${exec_prefix}/sbin'
sharedstatedir='${prefix}/com'
sysconfdir='${prefix}/etc'
target_alias=''

## ----------- ##
## confdefs.h. ##
## ----------- ##

#define PACKAGE_NAME "ltp-service"
#define PACKAGE_TARNAME "ltp-service"
#define PACKAGE_VERSION "1.0"
#define PACKAGE_STRING "ltp-service 1.0"
#define PACKAGE_BUGREPORT "zhhan@ir.hit.edu.cn"
#define PACKAGE "ltp-service"
#define VERSION "1.0"
#define STDC_HEADERS 1
#define HAVE_SYS_TYPES_H 1
#define HAVE_SYS_STAT_H 1
#define HAVE_STDLIB_H 1
#define HAVE_STRING_H 1
#define HAVE_MEMORY_H 1
#define HAVE_STRINGS_H 1
#define HAVE_INTTYPES_H 1
#define HAVE_STDINT_H 1
#define HAVE_UNISTD_H 1
#define HAVE_DLFCN_H 1
#define HAVE_LIBDL 1
#define HAVE_LIBUTIL 1
#define HAVE_NETDB_H 1
#define HAVE_STDDEF_H 1
#define HAVE_STDLIB_H 1
#define HAVE_STRING_H 1
#define HAVE__BOOL 1
#define HAVE_STDBOOL_H 1
#define HAVE_PTRDIFF_T 1
#define HAVE_GETHOSTBYNAME 1
#define HAVE_MEMMOVE 1
#define HAVE_SOCKET 1
#define HAVE_STRCHR 1

configure: exit 0
